<?xml version="1.0" encoding="UTF-8"?>
<!-- Generated by org.testng.reporters.JUnitReportReporter -->
<testsuite hostname="LP-MUM-0X110142" failures="0" tests="2" name="test.LoginPage" time="13.637" errors="0" timestamp="2023-12-02T18:58:02 IST" skipped="1">
  <testcase classname="test.LoginPage" name="loginWebPageInvalidaUnaPw" time="13.637"/>
  <testcase classname="test.LoginPage" name="loginWebPageValidaUnaPw">
    <skipped/>
  </testcase> <!-- loginWebPageValidaUnaPw -->
</testsuite> <!-- test.LoginPage -->
