<?xml version="1.0" encoding="UTF-8"?>
<!-- Generated by org.testng.reporters.JUnitReportReporter -->
<testsuite hostname="LP-MUM-0X110142" failures="0" tests="1" name="test.AddCartMessegesDemo" time="10.781" errors="0" timestamp="2023-12-02T19:16:06 IST" skipped="0">
  <testcase classname="test.AddCartMessegesDemo" name="loginWebPageValidaUnaPw" time="10.781"/>
</testsuite> <!-- test.AddCartMessegesDemo -->
